Arguments: 
  /home/hieu/.nvm/versions/node/v16.15.1/bin/node /home/hieu/.nvm/versions/node/v16.15.1/bin/yarn add three

PATH: 
  ./bin:./node_modules/.bin:/home/hieu/.rbenv/shims:/home/hieu/.rbenv/bin:/home/hieu/.vscode-server/bin/6c3e3dba23e8fadc360aed75ce363ba185c49794/bin/remote-cli:./bin:./node_modules/.bin:/home/hieu/.nvm/versions/node/v16.15.1/bin:/home/hieu/.rbenv/shims:/home/hieu/.rbenv/bin:/home/hieu/.pyenv/bin:/usr/local/sbin:/usr/local/bin:/usr/sbin:/usr/bin:/sbin:/bin:/usr/games:/usr/local/games:/usr/lib/wsl/lib:/mnt/c/Program Files (x86)/Common Files/Intel/Shared Libraries/redist/intel64_win/compiler:/mnt/c/Program Files (x86)/Common Files/Intel/Shared Libraries/redist/intel64/compiler:/mnt/c/WINDOWS/system32:/mnt/c/WINDOWS:/mnt/c/WINDOWS/System32/Wbem:/mnt/c/WINDOWS/System32/WindowsPowerShell/v1.0/:/mnt/c/WINDOWS/System32/OpenSSH/:/mnt/c/Program Files/NVIDIA Corporation/NVIDIA NvDLISR:/mnt/c/Program Files (x86)/NVIDIA Corporation/PhysX/Common:/mnt/c/Program Files/Microsoft SQL Server/110/Tools/Binn/:/mnt/c/Users/ahomo/AppData/Local/Programs/Python/Python310/Scripts/:/mnt/c/Users/ahomo/AppData/Local/Programs/Python/Python310/:/mnt/c/Users/ahomo/AppData/Local/Microsoft/WindowsApps:/mnt/c/Program Files/JetBrains/PyCharm 2022.2.1/bin:/mnt/c/Program Files/JetBrains/PyCharm Community Edition 2022.2.4/bin:/mnt/c/Users/ahomo/AppData/Local/Programs/Microsoft VS Code/bin:/mnt/c/Users/ahomo/AppData/Local/Programs/Hyper/resources/bin:/usr/local/sbin:/usr/local/sbin

Yarn version: 
  1.22.19

Node version: 
  16.15.1

Platform: 
  linux x64

Trace: 
  SyntaxError: /home/hieu/code/OWNER_GITHUB_USERNAME/dungeon-genie/package.json: Unexpected end of JSON input
      at JSON.parse (<anonymous>)
      at /home/hieu/.nvm/versions/node/v16.15.1/lib/node_modules/yarn/lib/cli.js:1629:59
      at Generator.next (<anonymous>)
      at step (/home/hieu/.nvm/versions/node/v16.15.1/lib/node_modules/yarn/lib/cli.js:310:30)
      at /home/hieu/.nvm/versions/node/v16.15.1/lib/node_modules/yarn/lib/cli.js:321:13

npm manifest: 
  

yarn manifest: 
  No manifest

Lockfile: 
  # THIS IS AN AUTOGENERATED FILE. DO NOT EDIT THIS FILE DIRECTLY.
  # yarn lockfile v1
